
*** Running vivado
    with args -log smallpond_top.vds -m64 -product Vivado -mode batch -messageDb vivado.pb -notrace -source smallpond_top.tcl


****** Vivado v2017.4 (64-bit)
  **** SW Build 2086221 on Fri Dec 15 20:54:30 MST 2017
  **** IP Build 2085800 on Fri Dec 15 22:25:07 MST 2017
    ** Copyright 1986-2017 Xilinx, Inc. All Rights Reserved.

source smallpond_top.tcl -notrace
Command: synth_design -top smallpond_top -part xc7a35ticsg324-1L -flatten_hierarchy none
Starting synth_design
Attempting to get a license for feature 'Synthesis' and/or device 'xc7a35ti'
INFO: [Common 17-349] Got license for feature 'Synthesis' and/or device 'xc7a35ti'
INFO: Launching helper process for spawning children vivado processes
INFO: Helper process launched with PID 1635 
---------------------------------------------------------------------------------
Starting RTL Elaboration : Time (s): cpu = 00:00:11 ; elapsed = 00:00:12 . Memory (MB): peak = 1260.328 ; gain = 85.992 ; free physical = 1079 ; free virtual = 9936
---------------------------------------------------------------------------------
INFO: [Synth 8-638] synthesizing module 'smallpond_top' [/media/zack/528CA51E8CA4FE1B/Users/zacks/Documents/UB/Senior/Fall 2017/CSE490/smallpond/Smallpond/smallpond_top/smallpond_top.srcs/sources_1/new/smallpond_top.vhd:48]
INFO: [Synth 8-5534] Detected attribute (* dont_touch = "true" *) [/media/zack/528CA51E8CA4FE1B/Users/zacks/Documents/UB/Senior/Fall 2017/CSE490/smallpond/Smallpond/smallpond_top/smallpond_top.srcs/sources_1/new/smallpond_top.vhd:51]
INFO: [Synth 8-5534] Detected attribute (* dont_touch = "true" *) [/media/zack/528CA51E8CA4FE1B/Users/zacks/Documents/UB/Senior/Fall 2017/CSE490/smallpond/Smallpond/smallpond_top/smallpond_top.srcs/sources_1/new/smallpond_top.vhd:99]
INFO: [Synth 8-5534] Detected attribute (* dont_touch = "true" *) [/media/zack/528CA51E8CA4FE1B/Users/zacks/Documents/UB/Senior/Fall 2017/CSE490/smallpond/Smallpond/smallpond_top/smallpond_top.srcs/sources_1/new/smallpond_top.vhd:105]
INFO: [Synth 8-5534] Detected attribute (* dont_touch = "true" *) [/media/zack/528CA51E8CA4FE1B/Users/zacks/Documents/UB/Senior/Fall 2017/CSE490/smallpond/Smallpond/smallpond_top/smallpond_top.srcs/sources_1/new/smallpond_top.vhd:113]
INFO: [Synth 8-638] synthesizing module 'ALU' [/media/zack/528CA51E8CA4FE1B/Users/zacks/Documents/UB/Senior/Fall 2017/CSE490/smallpond/Smallpond/smallpond_top/smallpond_top.srcs/sources_1/imports/Downloads/ALU.vhd:25]
INFO: [Synth 8-256] done synthesizing module 'ALU' (1#1) [/media/zack/528CA51E8CA4FE1B/Users/zacks/Documents/UB/Senior/Fall 2017/CSE490/smallpond/Smallpond/smallpond_top/smallpond_top.srcs/sources_1/imports/Downloads/ALU.vhd:25]
INFO: [Synth 8-638] synthesizing module 'register_file_array' [/media/zack/528CA51E8CA4FE1B/Users/zacks/Documents/UB/Senior/Fall 2017/CSE490/smallpond/Smallpond/smallpond_top/smallpond_top.srcs/sources_1/imports/Downloads/register_file_array.vhd:58]
INFO: [Synth 8-5534] Detected attribute (* dont_touch = "true" *) [/media/zack/528CA51E8CA4FE1B/Users/zacks/Documents/UB/Senior/Fall 2017/CSE490/smallpond/Smallpond/smallpond_top/smallpond_top.srcs/sources_1/imports/Downloads/register_file_array.vhd:61]
INFO: [Synth 8-256] done synthesizing module 'register_file_array' (2#1) [/media/zack/528CA51E8CA4FE1B/Users/zacks/Documents/UB/Senior/Fall 2017/CSE490/smallpond/Smallpond/smallpond_top/smallpond_top.srcs/sources_1/imports/Downloads/register_file_array.vhd:58]
INFO: [Synth 8-638] synthesizing module 'control_unit' [/media/zack/528CA51E8CA4FE1B/Users/zacks/Documents/UB/Senior/Fall 2017/CSE490/smallpond/Smallpond/smallpond_top/smallpond_top.srcs/sources_1/imports/Downloads/control_unit.vhd:63]
INFO: [Synth 8-256] done synthesizing module 'control_unit' (3#1) [/media/zack/528CA51E8CA4FE1B/Users/zacks/Documents/UB/Senior/Fall 2017/CSE490/smallpond/Smallpond/smallpond_top/smallpond_top.srcs/sources_1/imports/Downloads/control_unit.vhd:63]
INFO: [Synth 8-3491] module 'clk_div' declared at '/media/zack/528CA51E8CA4FE1B/Users/zacks/Documents/UB/Senior/Fall 2017/CSE490/smallpond/Smallpond/smallpond_top/smallpond_top.runs/synth_1/.Xil/Vivado-1603-enterprise/realtime/clk_div_stub.vhdl:5' bound to instance 'clock_gen' of component 'clk_div' [/media/zack/528CA51E8CA4FE1B/Users/zacks/Documents/UB/Senior/Fall 2017/CSE490/smallpond/Smallpond/smallpond_top/smallpond_top.srcs/sources_1/new/smallpond_top.vhd:197]
INFO: [Synth 8-638] synthesizing module 'clk_div' [/media/zack/528CA51E8CA4FE1B/Users/zacks/Documents/UB/Senior/Fall 2017/CSE490/smallpond/Smallpond/smallpond_top/smallpond_top.runs/synth_1/.Xil/Vivado-1603-enterprise/realtime/clk_div_stub.vhdl:14]
INFO: [Synth 8-3491] module 'memory' declared at '/media/zack/528CA51E8CA4FE1B/Users/zacks/Documents/UB/Senior/Fall 2017/CSE490/smallpond/Smallpond/smallpond_top/smallpond_top.runs/synth_1/.Xil/Vivado-1603-enterprise/realtime/memory_stub.vhdl:5' bound to instance 'mem' of component 'memory' [/media/zack/528CA51E8CA4FE1B/Users/zacks/Documents/UB/Senior/Fall 2017/CSE490/smallpond/Smallpond/smallpond_top/smallpond_top.srcs/sources_1/new/smallpond_top.vhd:201]
INFO: [Synth 8-638] synthesizing module 'memory' [/media/zack/528CA51E8CA4FE1B/Users/zacks/Documents/UB/Senior/Fall 2017/CSE490/smallpond/Smallpond/smallpond_top/smallpond_top.runs/synth_1/.Xil/Vivado-1603-enterprise/realtime/memory_stub.vhdl:19]
INFO: [Synth 8-256] done synthesizing module 'smallpond_top' (4#1) [/media/zack/528CA51E8CA4FE1B/Users/zacks/Documents/UB/Senior/Fall 2017/CSE490/smallpond/Smallpond/smallpond_top/smallpond_top.srcs/sources_1/new/smallpond_top.vhd:48]
---------------------------------------------------------------------------------
Finished RTL Elaboration : Time (s): cpu = 00:00:14 ; elapsed = 00:00:15 . Memory (MB): peak = 1313.859 ; gain = 139.523 ; free physical = 1075 ; free virtual = 9936
---------------------------------------------------------------------------------

Report Check Netlist: 
+------+------------------+-------+---------+-------+------------------+
|      |Item              |Errors |Warnings |Status |Description       |
+------+------------------+-------+---------+-------+------------------+
|1     |multi_driven_nets |      0|        0|Passed |Multi driven nets |
+------+------------------+-------+---------+-------+------------------+
---------------------------------------------------------------------------------
Finished RTL Optimization Phase 1 : Time (s): cpu = 00:00:15 ; elapsed = 00:00:16 . Memory (MB): peak = 1313.859 ; gain = 139.523 ; free physical = 1075 ; free virtual = 9940
---------------------------------------------------------------------------------
INFO: [Device 21-403] Loading part xc7a35ticsg324-1L
INFO: [Project 1-570] Preparing netlist for logic optimization

Processing XDC Constraints
Initializing timing engine
Parsing XDC File [/media/zack/528CA51E8CA4FE1B/Users/zacks/Documents/UB/Senior/Fall 2017/CSE490/smallpond/Smallpond/smallpond_top/smallpond_top.runs/synth_1/.Xil/Vivado-1603-enterprise/dcp2/clk_div_in_context.xdc] for cell 'clock_gen'
Finished Parsing XDC File [/media/zack/528CA51E8CA4FE1B/Users/zacks/Documents/UB/Senior/Fall 2017/CSE490/smallpond/Smallpond/smallpond_top/smallpond_top.runs/synth_1/.Xil/Vivado-1603-enterprise/dcp2/clk_div_in_context.xdc] for cell 'clock_gen'
Parsing XDC File [/media/zack/528CA51E8CA4FE1B/Users/zacks/Documents/UB/Senior/Fall 2017/CSE490/smallpond/Smallpond/smallpond_top/smallpond_top.runs/synth_1/.Xil/Vivado-1603-enterprise/dcp3/memory_in_context.xdc] for cell 'mem'
Finished Parsing XDC File [/media/zack/528CA51E8CA4FE1B/Users/zacks/Documents/UB/Senior/Fall 2017/CSE490/smallpond/Smallpond/smallpond_top/smallpond_top.runs/synth_1/.Xil/Vivado-1603-enterprise/dcp3/memory_in_context.xdc] for cell 'mem'
Parsing XDC File [/media/zack/528CA51E8CA4FE1B/Users/zacks/Documents/UB/Senior/Fall 2017/CSE490/smallpond/Smallpond/smallpond_top/smallpond_top.srcs/constrs_1/imports/CSE490/Arty_Master.xdc]
Finished Parsing XDC File [/media/zack/528CA51E8CA4FE1B/Users/zacks/Documents/UB/Senior/Fall 2017/CSE490/smallpond/Smallpond/smallpond_top/smallpond_top.srcs/constrs_1/imports/CSE490/Arty_Master.xdc]
INFO: [Project 1-236] Implementation specific constraints were found while reading constraint file [/media/zack/528CA51E8CA4FE1B/Users/zacks/Documents/UB/Senior/Fall 2017/CSE490/smallpond/Smallpond/smallpond_top/smallpond_top.srcs/constrs_1/imports/CSE490/Arty_Master.xdc]. These constraints will be ignored for synthesis but will be used in implementation. Impacted constraints are listed in the file [.Xil/smallpond_top_propImpl.xdc].
Resolution: To avoid this warning, move constraints listed in [.Xil/smallpond_top_propImpl.xdc] to another XDC file and exclude this new file from synthesis with the used_in_synthesis property (File Properties dialog in GUI) and re-run elaboration/synthesis.
Completed Processing XDC Constraints

INFO: [Project 1-111] Unisim Transformation Summary:
No Unisim elements were transformed.

Constraint Validation Runtime : Time (s): cpu = 00:00:00 ; elapsed = 00:00:00.01 . Memory (MB): peak = 1642.070 ; gain = 0.000 ; free physical = 815 ; free virtual = 9686
---------------------------------------------------------------------------------
Finished Constraint Validation : Time (s): cpu = 00:00:37 ; elapsed = 00:00:56 . Memory (MB): peak = 1642.070 ; gain = 467.734 ; free physical = 891 ; free virtual = 9767
---------------------------------------------------------------------------------
---------------------------------------------------------------------------------
Start Loading Part and Timing Information
---------------------------------------------------------------------------------
Loading part: xc7a35ticsg324-1L
---------------------------------------------------------------------------------
Finished Loading Part and Timing Information : Time (s): cpu = 00:00:37 ; elapsed = 00:00:56 . Memory (MB): peak = 1642.070 ; gain = 467.734 ; free physical = 891 ; free virtual = 9767
---------------------------------------------------------------------------------
---------------------------------------------------------------------------------
Start Applying 'set_property' XDC Constraints
---------------------------------------------------------------------------------
Applied set_property IO_BUFFER_TYPE = NONE for clk_in. (constraint file  {/media/zack/528CA51E8CA4FE1B/Users/zacks/Documents/UB/Senior/Fall 2017/CSE490/smallpond/Smallpond/smallpond_top/smallpond_top.runs/synth_1/.Xil/Vivado-1603-enterprise/dcp2/clk_div_in_context.xdc}, line 4).
Applied set_property CLOCK_BUFFER_TYPE = NONE for clk_in. (constraint file  {/media/zack/528CA51E8CA4FE1B/Users/zacks/Documents/UB/Senior/Fall 2017/CSE490/smallpond/Smallpond/smallpond_top/smallpond_top.runs/synth_1/.Xil/Vivado-1603-enterprise/dcp2/clk_div_in_context.xdc}, line 5).
Applied set_property DONT_TOUCH = true for clock_gen. (constraint file  auto generated constraint, line ).
Applied set_property DONT_TOUCH = true for mem. (constraint file  auto generated constraint, line ).
---------------------------------------------------------------------------------
Finished applying 'set_property' XDC Constraints : Time (s): cpu = 00:00:37 ; elapsed = 00:00:56 . Memory (MB): peak = 1642.070 ; gain = 467.734 ; free physical = 891 ; free virtual = 9767
---------------------------------------------------------------------------------
INFO: [Synth 8-5818] HDL ADVISOR - The operator resource <adder> is shared. To prevent sharing consider applying a KEEP on the output of the operator [/media/zack/528CA51E8CA4FE1B/Users/zacks/Documents/UB/Senior/Fall 2017/CSE490/smallpond/Smallpond/smallpond_top/smallpond_top.srcs/sources_1/imports/Downloads/ALU.vhd:86]
INFO: [Synth 8-5818] HDL ADVISOR - The operator resource <adder> is shared. To prevent sharing consider applying a KEEP on the output of the operator [/media/zack/528CA51E8CA4FE1B/Users/zacks/Documents/UB/Senior/Fall 2017/CSE490/smallpond/Smallpond/smallpond_top/smallpond_top.srcs/sources_1/imports/Downloads/ALU.vhd:86]
INFO: [Synth 8-5544] ROM "tmp" won't be mapped to Block RAM because address size (3) smaller than threshold (5)
INFO: [Synth 8-5544] ROM "alu_op_out" won't be mapped to Block RAM because address size (1) smaller than threshold (5)
INFO: [Synth 8-5544] ROM "alu_op_out" won't be mapped to Block RAM because address size (1) smaller than threshold (5)
INFO: [Synth 8-5544] ROM "alu_op_out" won't be mapped to Block RAM because address size (1) smaller than threshold (5)
INFO: [Synth 8-5544] ROM "alu_op_out" won't be mapped to Block RAM because address size (1) smaller than threshold (5)
INFO: [Synth 8-5544] ROM "alu_op_out" won't be mapped to Block RAM because address size (1) smaller than threshold (5)
INFO: [Synth 8-5544] ROM "alu_op_out" won't be mapped to Block RAM because address size (1) smaller than threshold (5)
INFO: [Synth 8-5544] ROM "alu_op_out" won't be mapped to Block RAM because address size (1) smaller than threshold (5)
INFO: [Synth 8-5544] ROM "alu_op_out" won't be mapped to Block RAM because address size (1) smaller than threshold (5)
INFO: [Synth 8-5544] ROM "alu_op_out" won't be mapped to Block RAM because address size (1) smaller than threshold (5)
INFO: [Synth 8-5544] ROM "alu_op_out" won't be mapped to Block RAM because address size (1) smaller than threshold (5)
INFO: [Synth 8-5544] ROM "alu_op_out" won't be mapped to Block RAM because address size (1) smaller than threshold (5)
INFO: [Synth 8-5544] ROM "alu_op_out" won't be mapped to Block RAM because address size (1) smaller than threshold (5)
INFO: [Synth 8-5544] ROM "alu_op_out" won't be mapped to Block RAM because address size (1) smaller than threshold (5)
INFO: [Synth 8-5544] ROM "alu_op_out" won't be mapped to Block RAM because address size (1) smaller than threshold (5)
INFO: [Synth 8-5546] ROM "sub_out" won't be mapped to RAM because it is too sparse
INFO: [Synth 8-5546] ROM "jump_out" won't be mapped to RAM because it is too sparse
INFO: [Synth 8-5546] ROM "mem_read_old" won't be mapped to RAM because it is too sparse
INFO: [Synth 8-5546] ROM "mem_write_old" won't be mapped to RAM because it is too sparse
---------------------------------------------------------------------------------
Finished RTL Optimization Phase 2 : Time (s): cpu = 00:00:39 ; elapsed = 00:00:58 . Memory (MB): peak = 1642.070 ; gain = 467.734 ; free physical = 881 ; free virtual = 9756
---------------------------------------------------------------------------------

Report RTL Partitions: 
+-+--------------+------------+----------+
| |RTL Partition |Replication |Instances |
+-+--------------+------------+----------+
+-+--------------+------------+----------+
---------------------------------------------------------------------------------
Start RTL Component Statistics 
---------------------------------------------------------------------------------
Detailed RTL Component Info : 
+---Adders : 
	   3 Input     33 Bit       Adders := 1     
	   3 Input     32 Bit       Adders := 1     
	   2 Input     32 Bit       Adders := 4     
	   2 Input      3 Bit       Adders := 4     
	   2 Input      2 Bit       Adders := 1     
+---XORs : 
	   2 Input     32 Bit         XORs := 2     
	   2 Input      1 Bit         XORs := 1     
+---Registers : 
	               33 Bit    Registers := 1     
	               32 Bit    Registers := 45    
	                6 Bit    Registers := 1     
	                5 Bit    Registers := 3     
	                4 Bit    Registers := 5     
	                3 Bit    Registers := 4     
	                2 Bit    Registers := 1     
	                1 Bit    Registers := 21    
+---Muxes : 
	   2 Input     33 Bit        Muxes := 1     
	   2 Input     32 Bit        Muxes := 178   
	   3 Input     32 Bit        Muxes := 2     
	   2 Input      4 Bit        Muxes := 7     
	  37 Input      4 Bit        Muxes := 1     
	   2 Input      3 Bit        Muxes := 4     
	  29 Input      3 Bit        Muxes := 1     
	  37 Input      2 Bit        Muxes := 1     
	   2 Input      1 Bit        Muxes := 23    
	  13 Input      1 Bit        Muxes := 1     
	  12 Input      1 Bit        Muxes := 1     
	  37 Input      1 Bit        Muxes := 10    
	   3 Input      1 Bit        Muxes := 1     
	   5 Input      1 Bit        Muxes := 1     
---------------------------------------------------------------------------------
Finished RTL Component Statistics 
---------------------------------------------------------------------------------
---------------------------------------------------------------------------------
Start RTL Hierarchical Component Statistics 
---------------------------------------------------------------------------------
Hierarchical RTL Component report 
Module smallpond_top 
Detailed RTL Component Info : 
+---Adders : 
	   2 Input     32 Bit       Adders := 1     
	   2 Input      3 Bit       Adders := 1     
	   2 Input      2 Bit       Adders := 1     
+---Registers : 
	               32 Bit    Registers := 9     
	                6 Bit    Registers := 1     
	                5 Bit    Registers := 3     
	                4 Bit    Registers := 1     
	                3 Bit    Registers := 1     
	                2 Bit    Registers := 1     
	                1 Bit    Registers := 3     
+---Muxes : 
	   3 Input     32 Bit        Muxes := 2     
	   2 Input     32 Bit        Muxes := 7     
	   2 Input      3 Bit        Muxes := 1     
	   2 Input      1 Bit        Muxes := 1     
Module ALU 
Detailed RTL Component Info : 
+---Adders : 
	   3 Input     33 Bit       Adders := 1     
	   3 Input     32 Bit       Adders := 1     
	   2 Input      3 Bit       Adders := 1     
+---XORs : 
	   2 Input     32 Bit         XORs := 2     
	   2 Input      1 Bit         XORs := 1     
+---Registers : 
	               33 Bit    Registers := 1     
	               32 Bit    Registers := 1     
	                4 Bit    Registers := 1     
	                3 Bit    Registers := 1     
	                1 Bit    Registers := 4     
+---Muxes : 
	   2 Input     33 Bit        Muxes := 1     
	   2 Input     32 Bit        Muxes := 1     
	   2 Input      3 Bit        Muxes := 1     
	   2 Input      1 Bit        Muxes := 2     
	  13 Input      1 Bit        Muxes := 1     
	  12 Input      1 Bit        Muxes := 1     
Module register_file_array 
Detailed RTL Component Info : 
+---Adders : 
	   2 Input     32 Bit       Adders := 3     
	   2 Input      3 Bit       Adders := 1     
+---Registers : 
	               32 Bit    Registers := 35    
	                4 Bit    Registers := 1     
	                3 Bit    Registers := 1     
+---Muxes : 
	   2 Input     32 Bit        Muxes := 170   
	   2 Input      4 Bit        Muxes := 2     
	   2 Input      3 Bit        Muxes := 1     
	   2 Input      1 Bit        Muxes := 1     
Module control_unit 
Detailed RTL Component Info : 
+---Adders : 
	   2 Input      3 Bit       Adders := 1     
+---Registers : 
	                4 Bit    Registers := 2     
	                3 Bit    Registers := 1     
	                1 Bit    Registers := 14    
+---Muxes : 
	  37 Input      4 Bit        Muxes := 1     
	   2 Input      4 Bit        Muxes := 5     
	   2 Input      3 Bit        Muxes := 1     
	  29 Input      3 Bit        Muxes := 1     
	  37 Input      2 Bit        Muxes := 1     
	  37 Input      1 Bit        Muxes := 10    
	   2 Input      1 Bit        Muxes := 19    
	   3 Input      1 Bit        Muxes := 1     
	   5 Input      1 Bit        Muxes := 1     
---------------------------------------------------------------------------------
Finished RTL Hierarchical Component Statistics
---------------------------------------------------------------------------------
---------------------------------------------------------------------------------
Start Part Resource Summary
---------------------------------------------------------------------------------
Part Resources:
DSPs: 90 (col length:60)
BRAMs: 100 (col length: RAMB18 60 RAMB36 30)
---------------------------------------------------------------------------------
Finished Part Resource Summary
---------------------------------------------------------------------------------
---------------------------------------------------------------------------------
Start Cross Boundary and Area Optimization
---------------------------------------------------------------------------------
WARNING: [Synth 8-3332] Sequential element (datapath_ctrl_branch_counter_reg) is unused and will be removed from module smallpond_top.
---------------------------------------------------------------------------------
Finished Cross Boundary and Area Optimization : Time (s): cpu = 00:00:54 ; elapsed = 00:01:14 . Memory (MB): peak = 1642.070 ; gain = 467.734 ; free physical = 839 ; free virtual = 9715
---------------------------------------------------------------------------------
---------------------------------------------------------------------------------
Start ROM, RAM, DSP and Shift Register Reporting
---------------------------------------------------------------------------------

ROM:
+-------------+-------------+---------------+----------------+
|Module Name  | RTL Object  | Depth x Width | Implemented As | 
+-------------+-------------+---------------+----------------+
|control_unit | alu_src_out | 64x1          | LUT            | 
|control_unit | alu_src_out | 64x1          | LUT            | 
+-------------+-------------+---------------+----------------+

---------------------------------------------------------------------------------
Finished ROM, RAM, DSP and Shift Register Reporting
---------------------------------------------------------------------------------

Report RTL Partitions: 
+-+--------------+------------+----------+
| |RTL Partition |Replication |Instances |
+-+--------------+------------+----------+
+-+--------------+------------+----------+
---------------------------------------------------------------------------------
Start Applying XDC Timing Constraints
---------------------------------------------------------------------------------
INFO: [Synth 8-5578] Moved timing constraint from pin 'clock_gen/cpu_clk_8' to pin 'clock_gen/bbstub_cpu_clk_8/O'
INFO: [Synth 8-5578] Moved timing constraint from pin 'clock_gen/mem_clk' to pin 'clock_gen/bbstub_mem_clk/O'
INFO: [Synth 8-5819] Moved 2 constraints on hierarchical pins to their respective driving/loading pins
---------------------------------------------------------------------------------
Finished Applying XDC Timing Constraints : Time (s): cpu = 00:01:03 ; elapsed = 00:01:27 . Memory (MB): peak = 1652.070 ; gain = 477.734 ; free physical = 719 ; free virtual = 9595
---------------------------------------------------------------------------------
---------------------------------------------------------------------------------
Start Timing Optimization
---------------------------------------------------------------------------------
---------------------------------------------------------------------------------
Finished Timing Optimization : Time (s): cpu = 00:01:04 ; elapsed = 00:01:28 . Memory (MB): peak = 1663.086 ; gain = 488.750 ; free physical = 717 ; free virtual = 9593
---------------------------------------------------------------------------------

Report RTL Partitions: 
+-+--------------+------------+----------+
| |RTL Partition |Replication |Instances |
+-+--------------+------------+----------+
+-+--------------+------------+----------+
---------------------------------------------------------------------------------
Start Technology Mapping
---------------------------------------------------------------------------------
WARNING: [Synth 8-3332] Sequential element (mem_write_out_reg[3]) is unused and will be removed from module control_unit.
WARNING: [Synth 8-3332] Sequential element (mem_write_out_reg[2]) is unused and will be removed from module control_unit.
WARNING: [Synth 8-3332] Sequential element (mem_write_out_reg[1]) is unused and will be removed from module control_unit.
---------------------------------------------------------------------------------
Finished Technology Mapping : Time (s): cpu = 00:01:05 ; elapsed = 00:01:29 . Memory (MB): peak = 1693.297 ; gain = 518.961 ; free physical = 709 ; free virtual = 9585
---------------------------------------------------------------------------------

Report RTL Partitions: 
+-+--------------+------------+----------+
| |RTL Partition |Replication |Instances |
+-+--------------+------------+----------+
+-+--------------+------------+----------+
---------------------------------------------------------------------------------
Start IO Insertion
---------------------------------------------------------------------------------
---------------------------------------------------------------------------------
Start Final Netlist Cleanup
---------------------------------------------------------------------------------
---------------------------------------------------------------------------------
Finished Final Netlist Cleanup
---------------------------------------------------------------------------------
WARNING: [Synth 8-5396] Clock pin C has keep related attribute (keep/mark_debug/dont_touch) which could create extra logic on its net [/media/zack/528CA51E8CA4FE1B/Users/zacks/Documents/UB/Senior/Fall 2017/CSE490/smallpond/Smallpond/smallpond_top/smallpond_top.srcs/sources_1/new/smallpond_top.vhd:281]
---------------------------------------------------------------------------------
Finished IO Insertion : Time (s): cpu = 00:01:06 ; elapsed = 00:01:30 . Memory (MB): peak = 1693.297 ; gain = 518.961 ; free physical = 709 ; free virtual = 9585
---------------------------------------------------------------------------------

Report Check Netlist: 
+------+------------------+-------+---------+-------+------------------+
|      |Item              |Errors |Warnings |Status |Description       |
+------+------------------+-------+---------+-------+------------------+
|1     |multi_driven_nets |      0|        0|Passed |Multi driven nets |
+------+------------------+-------+---------+-------+------------------+
---------------------------------------------------------------------------------
Start Renaming Generated Instances
---------------------------------------------------------------------------------
---------------------------------------------------------------------------------
Finished Renaming Generated Instances : Time (s): cpu = 00:01:06 ; elapsed = 00:01:31 . Memory (MB): peak = 1693.297 ; gain = 518.961 ; free physical = 709 ; free virtual = 9585
---------------------------------------------------------------------------------

Report RTL Partitions: 
+-+--------------+------------+----------+
| |RTL Partition |Replication |Instances |
+-+--------------+------------+----------+
+-+--------------+------------+----------+
---------------------------------------------------------------------------------
Start Handling Custom Attributes
---------------------------------------------------------------------------------
---------------------------------------------------------------------------------
Finished Handling Custom Attributes : Time (s): cpu = 00:01:07 ; elapsed = 00:01:31 . Memory (MB): peak = 1693.297 ; gain = 518.961 ; free physical = 709 ; free virtual = 9585
---------------------------------------------------------------------------------
---------------------------------------------------------------------------------
Start Writing Synthesis Report
---------------------------------------------------------------------------------

Report BlackBoxes: 
+------+--------------+----------+
|      |BlackBox name |Instances |
+------+--------------+----------+
|1     |clk_div       |         1|
|2     |memory        |         1|
+------+--------------+----------+

Report Cell Usage: 
+------+---------------+------+
|      |Cell           |Count |
+------+---------------+------+
|1     |clk_div_bbox_0 |     1|
|2     |memory_bbox_1  |     1|
|3     |CARRY4         |    57|
|4     |LUT1           |    73|
|5     |LUT2           |    49|
|6     |LUT3           |   265|
|7     |LUT4           |   224|
|8     |LUT5           |   342|
|9     |LUT6           |  1398|
|10    |MUXF7          |   258|
|11    |FDCE           |     9|
|12    |FDRE           |  1506|
|13    |FDSE           |    30|
|14    |IBUF           |     1|
+------+---------------+------+

Report Instance Areas: 
+------+----------------+--------------------+------+
|      |Instance        |Module              |Cells |
+------+----------------+--------------------+------+
|1     |top             |                    |  4247|
|2     |  alu           |ALU                 |   718|
|3     |  register_file |register_file_array |  2849|
|4     |  control_unit  |control_unit        |   102|
+------+----------------+--------------------+------+
---------------------------------------------------------------------------------
Finished Writing Synthesis Report : Time (s): cpu = 00:01:07 ; elapsed = 00:01:31 . Memory (MB): peak = 1693.297 ; gain = 518.961 ; free physical = 709 ; free virtual = 9585
---------------------------------------------------------------------------------
Synthesis finished with 0 errors, 0 critical warnings and 5 warnings.
Synthesis Optimization Runtime : Time (s): cpu = 00:00:56 ; elapsed = 00:01:04 . Memory (MB): peak = 1693.297 ; gain = 190.750 ; free physical = 761 ; free virtual = 9637
Synthesis Optimization Complete : Time (s): cpu = 00:01:07 ; elapsed = 00:01:31 . Memory (MB): peak = 1693.305 ; gain = 518.961 ; free physical = 768 ; free virtual = 9644
INFO: [Project 1-571] Translating synthesized netlist
INFO: [Netlist 29-17] Analyzing 316 Unisim elements for replacement
INFO: [Netlist 29-28] Unisim Transformation completed in 0 CPU seconds
INFO: [Project 1-570] Preparing netlist for logic optimization
INFO: [Opt 31-138] Pushed 0 inverter(s) to 0 load pin(s).
INFO: [Project 1-111] Unisim Transformation Summary:
No Unisim elements were transformed.

INFO: [Common 17-83] Releasing license: Synthesis
53 Infos, 5 Warnings, 0 Critical Warnings and 0 Errors encountered.
synth_design completed successfully
synth_design: Time (s): cpu = 00:01:11 ; elapsed = 00:01:36 . Memory (MB): peak = 1693.305 ; gain = 532.348 ; free physical = 791 ; free virtual = 9667
INFO: [Common 17-1381] The checkpoint '/media/zack/528CA51E8CA4FE1B/Users/zacks/Documents/UB/Senior/Fall 2017/CSE490/smallpond/Smallpond/smallpond_top/smallpond_top.runs/synth_1/smallpond_top.dcp' has been generated.
INFO: [runtcl-4] Executing : report_utilization -file smallpond_top_utilization_synth.rpt -pb smallpond_top_utilization_synth.pb
report_utilization: Time (s): cpu = 00:00:00.16 ; elapsed = 00:00:00.19 . Memory (MB): peak = 1717.309 ; gain = 0.000 ; free physical = 762 ; free virtual = 9653
INFO: [Common 17-206] Exiting Vivado at Thu Apr  5 16:56:10 2018...
