Copyright 1986-2017 Xilinx, Inc. All Rights Reserved.
------------------------------------------------------------------------------------
| Tool Version : Vivado v.2017.4 (lin64) Build 2086221 Fri Dec 15 20:54:30 MST 2017
| Date         : Fri Apr  6 13:50:38 2018
| Host         : enterprise running 64-bit Ubuntu 16.04.4 LTS
| Command      : upgrade_ip
| Device       : xc7a35tcpg236-1
------------------------------------------------------------------------------------

Upgrade Log for IP 'memory'

1. Summary
----------

SUCCESS in the conversion of memory (xilinx.com:ip:blk_mem_gen:8.4 (Rev. 1)) to Vivado generation flows.






Copyright 1986-2017 Xilinx, Inc. All Rights Reserved.
------------------------------------------------------------------------------------
| Tool Version : Vivado v.2017.4 (lin64) Build 2086221 Fri Dec 15 20:54:30 MST 2017
| Date         : Fri Apr  6 13:50:29 2018
| Host         : enterprise running 64-bit Ubuntu 16.04.4 LTS
| Command      : upgrade_ip
| Device       : xc7a35tcpg236-1
------------------------------------------------------------------------------------

Upgrade Log for IP 'clk_div'

1. Summary
----------

SUCCESS in the conversion of clk_div (xilinx.com:ip:clk_wiz:5.4 (Rev. 3)) to Vivado generation flows.

